# JRE version: OpenJDK Runtime Environment (11.0.11+9) (build 11.0.11+9-b60-7590822)
# Java VM: OpenJDK 64-Bit Server VM (11.0.11+9-b60-7590822, mixed mode, tiered, compressed oops, g1 gc, windows-amd64)
Heap:
 garbage-first heap   total 225280K, used 181097K [0x0000000080000000, 0x0000000100000000)
  region size 1024K, 33 young (33792K), 2 survivors (2048K)
 Metaspace       used 126078K, capacity 129538K, committed 129664K, reserved 1163264K
  class space    used 15530K, capacity 16739K, committed 16768K, reserved 1048576K
GC Heap History (20 events):
Event: 791.477 GC heap before
{Heap before GC invocations=52 (full 0):
 garbage-first heap   total 225280K, used 164486K [0x0000000080000000, 0x0000000100000000)
  region size 1024K, 7 young (7168K), 1 survivors (1024K)
 Metaspace       used 119268K, capacity 122811K, committed 123008K, reserved 1157120K
  class space    used 14925K, capacity 16138K, committed 16256K, reserved 1048576K
}
Event: 791.483 GC heap after
{Heap after GC invocations=53 (full 0):
 garbage-first heap   total 225280K, used 160970K [0x0000000080000000, 0x0000000100000000)
  region size 1024K, 2 young (2048K), 2 survivors (2048K)
 Metaspace       used 119268K, capacity 122811K, committed 123008K, reserved 1157120K
  class space    used 14925K, capacity 16138K, committed 16256K, reserved 1048576K
}
Event: 792.435 GC heap before
{Heap before GC invocations=54 (full 0):
 garbage-first heap   total 225280K, used 194762K [0x0000000080000000, 0x0000000100000000)
  region size 1024K, 28 young (28672K), 2 survivors (2048K)
 Metaspace       used 120632K, capacity 124171K, committed 124416K, reserved 1157120K
  class space    used 15106K, capacity 16336K, committed 16384K, reserved 1048576K
}
Event: 792.445 GC heap after
{Heap after GC invocations=55 (full 0):
 garbage-first heap   total 225280K, used 163406K [0x0000000080000000, 0x0000000100000000)
  region size 1024K, 4 young (4096K), 4 survivors (4096K)
 Metaspace       used 120632K, capacity 124171K, committed 124416K, reserved 1157120K
  class space    used 15106K, capacity 16336K, committed 16384K, reserved 1048576K
}
Event: 792.616 GC heap before
{Heap before GC invocations=55 (full 0):
 garbage-first heap   total 225280K, used 169550K [0x0000000080000000, 0x0000000100000000)
  region size 1024K, 11 young (11264K), 4 survivors (4096K)
 Metaspace       used 121434K, capacity 124981K, committed 125312K, reserved 1159168K
  class space    used 15190K, capacity 16434K, committed 16512K, reserved 1048576K
}
Event: 792.633 GC heap after
{Heap after GC invocations=56 (full 0):
 garbage-first heap   total 225280K, used 162835K [0x0000000080000000, 0x0000000100000000)
  region size 1024K, 1 young (1024K), 1 survivors (1024K)
 Metaspace       used 121434K, capacity 124981K, committed 125312K, reserved 1159168K
  class space    used 15190K, capacity 16434K, committed 16512K, reserved 1048576K
}
Event: 792.899 GC heap before
{Heap before GC invocations=56 (full 0):
 garbage-first heap   total 225280K, used 188435K [0x0000000080000000, 0x0000000100000000)
  region size 1024K, 26 young (26624K), 1 survivors (1024K)
 Metaspace       used 121484K, capacity 125049K, committed 125312K, reserved 1159168K
  class space    used 15192K, capacity 16435K, committed 16512K, reserved 1048576K
}
Event: 792.904 GC heap after
{Heap after GC invocations=57 (full 0):
 garbage-first heap   total 225280K, used 162425K [0x0000000080000000, 0x0000000100000000)
  region size 1024K, 1 young (1024K), 1 survivors (1024K)
 Metaspace       used 121484K, capacity 125049K, committed 125312K, reserved 1159168K
  class space    used 15192K, capacity 16435K, committed 16512K, reserved 1048576K
}
Event: 793.088 GC heap before
{Heap before GC invocations=57 (full 0):
 garbage-first heap   total 225280K, used 189049K [0x0000000080000000, 0x0000000100000000)
  region size 1024K, 27 young (27648K), 1 survivors (1024K)
 Metaspace       used 121487K, capacity 125049K, committed 125312K, reserved 1159168K
  class space    used 15192K, capacity 16435K, committed 16512K, reserved 1048576K
}
Event: 793.091 GC heap after
{Heap after GC invocations=58 (full 0):
 garbage-first heap   total 225280K, used 162368K [0x0000000080000000, 0x0000000100000000)
  region size 1024K, 1 young (1024K), 1 survivors (1024K)
 Metaspace       used 121487K, capacity 125049K, committed 125312K, reserved 1159168K
  class space    used 15192K, capacity 16435K, committed 16512K, reserved 1048576K
}
Event: 793.499 GC heap before
{Heap before GC invocations=59 (full 0):
 garbage-first heap   total 225280K, used 205376K [0x0000000080000000, 0x0000000100000000)
  region size 1024K, 29 young (29696K), 1 survivors (1024K)
 Metaspace       used 121951K, capacity 125508K, committed 125824K, reserved 1159168K
  class space    used 15229K, capacity 16450K, committed 16512K, reserved 1048576K
}
Event: 793.504 GC heap after
{Heap after GC invocations=60 (full 0):
 garbage-first heap   total 225280K, used 164604K [0x0000000080000000, 0x0000000100000000)
  region size 1024K, 3 young (3072K), 3 survivors (3072K)
 Metaspace       used 121951K, capacity 125508K, committed 125824K, reserved 1159168K
  class space    used 15229K, capacity 16450K, committed 16512K, reserved 1048576K
}
Event: 793.596 GC heap before
{Heap before GC invocations=60 (full 0):
 garbage-first heap   total 225280K, used 171772K [0x0000000080000000, 0x0000000100000000)
  region size 1024K, 11 young (11264K), 3 survivors (3072K)
 Metaspace       used 122560K, capacity 126049K, committed 126464K, reserved 1159168K
  class space    used 15280K, capacity 16515K, committed 16640K, reserved 1048576K
}
Event: 793.601 GC heap after
{Heap after GC invocations=61 (full 0):
 garbage-first heap   total 225280K, used 165175K [0x0000000080000000, 0x0000000100000000)
  region size 1024K, 2 young (2048K), 2 survivors (2048K)
 Metaspace       used 122560K, capacity 126049K, committed 126464K, reserved 1159168K
  class space    used 15280K, capacity 16515K, committed 16640K, reserved 1048576K
}
Event: 793.932 GC heap before
{Heap before GC invocations=61 (full 0):
 garbage-first heap   total 225280K, used 190775K [0x0000000080000000, 0x0000000100000000)
  region size 1024K, 28 young (28672K), 2 survivors (2048K)
 Metaspace       used 124910K, capacity 128449K, committed 128640K, reserved 1161216K
  class space    used 15460K, capacity 16675K, committed 16768K, reserved 1048576K
}
Event: 793.940 GC heap after
{Heap after GC invocations=62 (full 0):
 garbage-first heap   total 225280K, used 166565K [0x0000000080000000, 0x0000000100000000)
  region size 1024K, 3 young (3072K), 3 survivors (3072K)
 Metaspace       used 124910K, capacity 128449K, committed 128640K, reserved 1161216K
  class space    used 15460K, capacity 16675K, committed 16768K, reserved 1048576K
}
Event: 794.251 GC heap before
{Heap before GC invocations=63 (full 0):
 garbage-first heap   total 225280K, used 187045K [0x0000000080000000, 0x0000000100000000)
  region size 1024K, 29 young (29696K), 3 survivors (3072K)
 Metaspace       used 125375K, capacity 128929K, committed 129152K, reserved 1161216K
  class space    used 15484K, capacity 16707K, committed 16768K, reserved 1048576K
}
Event: 794.261 GC heap after
{Heap after GC invocations=64 (full 0):
 garbage-first heap   total 225280K, used 165096K [0x0000000080000000, 0x0000000100000000)
  region size 1024K, 4 young (4096K), 4 survivors (4096K)
 Metaspace       used 125375K, capacity 128929K, committed 129152K, reserved 1161216K
  class space    used 15484K, capacity 16707K, committed 16768K, reserved 1048576K
}
Event: 794.333 GC heap before
{Heap before GC invocations=64 (full 0):
 garbage-first heap   total 225280K, used 172264K [0x0000000080000000, 0x0000000100000000)
  region size 1024K, 11 young (11264K), 4 survivors (4096K)
 Metaspace       used 125418K, capacity 128993K, committed 129152K, reserved 1161216K
  class space    used 15484K, capacity 16707K, committed 16768K, reserved 1048576K
}
Event: 794.343 GC heap after
{Heap after GC invocations=65 (full 0):
 garbage-first heap   total 225280K, used 151401K [0x0000000080000000, 0x0000000100000000)
  region size 1024K, 2 young (2048K), 2 survivors (2048K)
 Metaspace       used 125418K, capacity 128993K, committed 129152K, reserved 1161216K
  class space    used 15484K, capacity 16707K, committed 16768K, reserved 1048576K
}

