# JRE version: OpenJDK Runtime Environment (11.0.11+9) (build 11.0.11+9-b60-7590822)
# Java VM: OpenJDK 64-Bit Server VM (11.0.11+9-b60-7590822, mixed mode, tiered, compressed oops, g1 gc, windows-amd64)
Heap:
 garbage-first heap   total 819200K, used 195878K [0x0000000080000000, 0x0000000100000000)
  region size 1024K, 9 young (9216K), 9 survivors (9216K)
 Metaspace       used 116518K, capacity 119601K, committed 119756K, reserved 1153024K
  class space    used 15151K, capacity 16323K, committed 16332K, reserved 1048576K
GC Heap History (20 events):
Event: 34.751 GC heap after
{Heap after GC invocations=51 (full 0):
 garbage-first heap   total 187392K, used 126090K [0x0000000080000000, 0x0000000100000000)
  region size 1024K, 5 young (5120K), 5 survivors (5120K)
 Metaspace       used 107081K, capacity 109760K, committed 109772K, reserved 1144832K
  class space    used 13757K, capacity 14784K, committed 14796K, reserved 1048576K
}
Event: 34.852 GC heap before
{Heap before GC invocations=52 (full 0):
 garbage-first heap   total 187392K, used 150666K [0x0000000080000000, 0x0000000100000000)
  region size 1024K, 30 young (30720K), 5 survivors (5120K)
 Metaspace       used 108108K, capacity 110817K, committed 111052K, reserved 1144832K
  class space    used 13906K, capacity 14949K, committed 15052K, reserved 1048576K
}
Event: 34.857 GC heap after
{Heap after GC invocations=53 (full 0):
 garbage-first heap   total 187392K, used 129337K [0x0000000080000000, 0x0000000100000000)
  region size 1024K, 4 young (4096K), 4 survivors (4096K)
 Metaspace       used 108108K, capacity 110817K, committed 111052K, reserved 1144832K
  class space    used 13906K, capacity 14949K, committed 15052K, reserved 1048576K
}
Event: 34.957 GC heap before
{Heap before GC invocations=53 (full 0):
 garbage-first heap   total 187392K, used 152889K [0x0000000080000000, 0x0000000100000000)
  region size 1024K, 28 young (28672K), 4 survivors (4096K)
 Metaspace       used 108630K, capacity 111356K, committed 111564K, reserved 1146880K
  class space    used 13978K, capacity 15022K, committed 15052K, reserved 1048576K
}
Event: 34.967 GC heap after
{Heap after GC invocations=54 (full 0):
 garbage-first heap   total 225280K, used 133120K [0x0000000080000000, 0x0000000100000000)
  region size 1024K, 4 young (4096K), 4 survivors (4096K)
 Metaspace       used 108630K, capacity 111356K, committed 111564K, reserved 1146880K
  class space    used 13978K, capacity 15022K, committed 15052K, reserved 1048576K
}
Event: 35.182 GC heap before
{Heap before GC invocations=54 (full 0):
 garbage-first heap   total 225280K, used 167936K [0x0000000080000000, 0x0000000100000000)
  region size 1024K, 39 young (39936K), 4 survivors (4096K)
 Metaspace       used 109474K, capacity 112104K, committed 112460K, reserved 1146880K
  class space    used 14044K, capacity 15050K, committed 15180K, reserved 1048576K
}
Event: 35.197 GC heap after
{Heap after GC invocations=55 (full 0):
 garbage-first heap   total 225280K, used 139940K [0x0000000080000000, 0x0000000100000000)
  region size 1024K, 5 young (5120K), 5 survivors (5120K)
 Metaspace       used 109474K, capacity 112104K, committed 112460K, reserved 1146880K
  class space    used 14044K, capacity 15050K, committed 15180K, reserved 1048576K
}
Event: 35.303 GC heap before
{Heap before GC invocations=56 (full 0):
 garbage-first heap   total 225280K, used 174756K [0x0000000080000000, 0x0000000100000000)
  region size 1024K, 39 young (39936K), 5 survivors (5120K)
 Metaspace       used 110130K, capacity 112753K, committed 113356K, reserved 1146880K
  class space    used 14119K, capacity 15117K, committed 15308K, reserved 1048576K
}
Event: 35.320 GC heap after
{Heap after GC invocations=57 (full 0):
 garbage-first heap   total 225280K, used 146402K [0x0000000080000000, 0x0000000100000000)
  region size 1024K, 5 young (5120K), 5 survivors (5120K)
 Metaspace       used 110130K, capacity 112753K, committed 113356K, reserved 1146880K
  class space    used 14119K, capacity 15117K, committed 15308K, reserved 1048576K
}
Event: 35.335 GC heap before
{Heap before GC invocations=57 (full 0):
 garbage-first heap   total 225280K, used 151522K [0x0000000080000000, 0x0000000100000000)
  region size 1024K, 11 young (11264K), 5 survivors (5120K)
 Metaspace       used 110169K, capacity 112849K, committed 113356K, reserved 1146880K
  class space    used 14124K, capacity 15149K, committed 15308K, reserved 1048576K
}
Event: 35.346 GC heap after
{Heap after GC invocations=58 (full 0):
 garbage-first heap   total 225280K, used 147203K [0x0000000080000000, 0x0000000100000000)
  region size 1024K, 2 young (2048K), 2 survivors (2048K)
 Metaspace       used 110169K, capacity 112849K, committed 113356K, reserved 1146880K
  class space    used 14124K, capacity 15149K, committed 15308K, reserved 1048576K
}
Event: 35.423 GC heap before
{Heap before GC invocations=58 (full 0):
 garbage-first heap   total 225280K, used 178947K [0x0000000080000000, 0x0000000100000000)
  region size 1024K, 33 young (33792K), 2 survivors (2048K)
 Metaspace       used 110461K, capacity 113166K, committed 113612K, reserved 1146880K
  class space    used 14186K, capacity 15224K, committed 15308K, reserved 1048576K
}
Event: 35.441 GC heap after
{Heap after GC invocations=59 (full 0):
 garbage-first heap   total 425984K, used 153600K [0x0000000080000000, 0x0000000100000000)
  region size 1024K, 5 young (5120K), 5 survivors (5120K)
 Metaspace       used 110461K, capacity 113166K, committed 113612K, reserved 1146880K
  class space    used 14186K, capacity 15224K, committed 15308K, reserved 1048576K
}
Event: 35.823 GC heap before
{Heap before GC invocations=59 (full 0):
 garbage-first heap   total 425984K, used 253952K [0x0000000080000000, 0x0000000100000000)
  region size 1024K, 103 young (105472K), 5 survivors (5120K)
 Metaspace       used 111674K, capacity 114408K, committed 114636K, reserved 1148928K
  class space    used 14383K, capacity 15426K, committed 15564K, reserved 1048576K
}
Event: 35.856 GC heap after
{Heap after GC invocations=60 (full 0):
 garbage-first heap   total 425984K, used 172405K [0x0000000080000000, 0x0000000100000000)
  region size 1024K, 13 young (13312K), 13 survivors (13312K)
 Metaspace       used 111674K, capacity 114408K, committed 114636K, reserved 1148928K
  class space    used 14383K, capacity 15426K, committed 15564K, reserved 1048576K
}
Event: 36.283 GC heap before
{Heap before GC invocations=61 (full 0):
 garbage-first heap   total 425984K, used 275829K [0x0000000080000000, 0x0000000100000000)
  region size 1024K, 115 young (117760K), 13 survivors (13312K)
 Metaspace       used 114577K, capacity 117478K, committed 117708K, reserved 1150976K
  class space    used 14915K, capacity 16026K, committed 16076K, reserved 1048576K
}
Event: 36.313 GC heap after
{Heap after GC invocations=62 (full 0):
 garbage-first heap   total 425984K, used 186225K [0x0000000080000000, 0x0000000100000000)
  region size 1024K, 14 young (14336K), 14 survivors (14336K)
 Metaspace       used 114577K, capacity 117478K, committed 117708K, reserved 1150976K
  class space    used 14915K, capacity 16026K, committed 16076K, reserved 1048576K
}
Event: 36.707 GC heap before
{Heap before GC invocations=62 (full 0):
 garbage-first heap   total 425984K, used 292721K [0x0000000080000000, 0x0000000100000000)
  region size 1024K, 118 young (120832K), 14 survivors (14336K)
 Metaspace       used 115778K, capacity 118813K, committed 118988K, reserved 1153024K
  class space    used 15063K, capacity 16229K, committed 16332K, reserved 1048576K
}
Event: 36.725 GC heap after
{Heap after GC invocations=63 (full 0):
 garbage-first heap   total 425984K, used 191340K [0x0000000080000000, 0x0000000100000000)
  region size 1024K, 5 young (5120K), 5 survivors (5120K)
 Metaspace       used 115778K, capacity 118813K, committed 118988K, reserved 1153024K
  class space    used 15063K, capacity 16229K, committed 16332K, reserved 1048576K
}
Event: 37.126 GC heap before
{Heap before GC invocations=63 (full 0):
 garbage-first heap   total 425984K, used 316268K [0x0000000080000000, 0x0000000100000000)
  region size 1024K, 126 young (129024K), 5 survivors (5120K)
 Metaspace       used 116518K, capacity 119601K, committed 119756K, reserved 1153024K
  class space    used 15151K, capacity 16323K, committed 16332K, reserved 1048576K
}

