# JRE version: OpenJDK Runtime Environment (11.0.11+9) (build 11.0.11+9-b60-7590822)
# Java VM: OpenJDK 64-Bit Server VM (11.0.11+9-b60-7590822, mixed mode, tiered, compressed oops, g1 gc, windows-amd64)
Heap:
 garbage-first heap   total 484352K, used 185690K [0x0000000080000000, 0x0000000100000000)
  region size 1024K, 5 young (5120K), 5 survivors (5120K)
 Metaspace       used 98103K, capacity 100361K, committed 101324K, reserved 1136640K
  class space    used 12596K, capacity 13427K, committed 13772K, reserved 1048576K
GC Heap History (20 events):
Event: 13.950 GC heap after
{Heap after GC invocations=26 (full 0):
 garbage-first heap   total 225280K, used 104567K [0x0000000080000000, 0x0000000100000000)
  region size 1024K, 9 young (9216K), 9 survivors (9216K)
 Metaspace       used 93964K, capacity 96448K, committed 96588K, reserved 1132544K
  class space    used 12136K, capacity 13057K, committed 13132K, reserved 1048576K
}
Event: 14.045 GC heap before
{Heap before GC invocations=26 (full 0):
 garbage-first heap   total 225280K, used 174199K [0x0000000080000000, 0x0000000100000000)
  region size 1024K, 77 young (78848K), 9 survivors (9216K)
 Metaspace       used 94702K, capacity 97185K, committed 97484K, reserved 1134592K
  class space    used 12217K, capacity 13153K, committed 13260K, reserved 1048576K
}
Event: 14.052 GC heap after
{Heap after GC invocations=27 (full 0):
 garbage-first heap   total 225280K, used 120579K [0x0000000080000000, 0x0000000100000000)
  region size 1024K, 10 young (10240K), 10 survivors (10240K)
 Metaspace       used 94702K, capacity 97185K, committed 97484K, reserved 1134592K
  class space    used 12217K, capacity 13153K, committed 13260K, reserved 1048576K
}
Event: 14.199 GC heap before
{Heap before GC invocations=28 (full 0):
 garbage-first heap   total 225280K, used 174851K [0x0000000080000000, 0x0000000100000000)
  region size 1024K, 64 young (65536K), 10 survivors (10240K)
 Metaspace       used 95028K, capacity 97224K, committed 98124K, reserved 1134592K
  class space    used 12199K, capacity 13007K, committed 13388K, reserved 1048576K
}
Event: 14.206 GC heap after
{Heap after GC invocations=29 (full 0):
 garbage-first heap   total 225280K, used 131072K [0x0000000080000000, 0x0000000100000000)
  region size 1024K, 8 young (8192K), 8 survivors (8192K)
 Metaspace       used 95028K, capacity 97224K, committed 98124K, reserved 1134592K
  class space    used 12199K, capacity 13007K, committed 13388K, reserved 1048576K
}
Event: 14.396 GC heap before
{Heap before GC invocations=29 (full 0):
 garbage-first heap   total 225280K, used 176128K [0x0000000080000000, 0x0000000100000000)
  region size 1024K, 53 young (54272K), 8 survivors (8192K)
 Metaspace       used 96138K, capacity 98429K, committed 99276K, reserved 1134592K
  class space    used 12362K, capacity 13223K, committed 13516K, reserved 1048576K
}
Event: 14.404 GC heap after
{Heap after GC invocations=30 (full 0):
 garbage-first heap   total 225280K, used 136455K [0x0000000080000000, 0x0000000100000000)
  region size 1024K, 7 young (7168K), 7 survivors (7168K)
 Metaspace       used 96138K, capacity 98429K, committed 99276K, reserved 1134592K
  class space    used 12362K, capacity 13223K, committed 13516K, reserved 1048576K
}
Event: 14.573 GC heap before
{Heap before GC invocations=30 (full 0):
 garbage-first heap   total 225280K, used 177415K [0x0000000080000000, 0x0000000100000000)
  region size 1024K, 48 young (49152K), 7 survivors (7168K)
 Metaspace       used 96525K, capacity 98770K, committed 99532K, reserved 1134592K
  class space    used 12390K, capacity 13228K, committed 13516K, reserved 1048576K
}
Event: 14.586 GC heap after
{Heap after GC invocations=31 (full 0):
 garbage-first heap   total 225280K, used 145736K [0x0000000080000000, 0x0000000100000000)
  region size 1024K, 6 young (6144K), 6 survivors (6144K)
 Metaspace       used 96525K, capacity 98770K, committed 99532K, reserved 1134592K
  class space    used 12390K, capacity 13228K, committed 13516K, reserved 1048576K
}
Event: 14.678 GC heap before
{Heap before GC invocations=32 (full 0):
 garbage-first heap   total 225280K, used 180552K [0x0000000080000000, 0x0000000100000000)
  region size 1024K, 41 young (41984K), 6 survivors (6144K)
 Metaspace       used 97267K, capacity 99515K, committed 100172K, reserved 1136640K
  class space    used 12504K, capacity 13349K, committed 13644K, reserved 1048576K
}
Event: 14.689 GC heap after
{Heap after GC invocations=33 (full 0):
 garbage-first heap   total 225280K, used 151758K [0x0000000080000000, 0x0000000100000000)
  region size 1024K, 6 young (6144K), 6 survivors (6144K)
 Metaspace       used 97267K, capacity 99515K, committed 100172K, reserved 1136640K
  class space    used 12504K, capacity 13349K, committed 13644K, reserved 1048576K
}
Event: 14.783 GC heap before
{Heap before GC invocations=33 (full 0):
 garbage-first heap   total 225280K, used 182478K [0x0000000080000000, 0x0000000100000000)
  region size 1024K, 37 young (37888K), 6 survivors (6144K)
 Metaspace       used 97403K, capacity 99648K, committed 100428K, reserved 1136640K
  class space    used 12516K, capacity 13349K, committed 13644K, reserved 1048576K
}
Event: 14.794 GC heap after
{Heap after GC invocations=34 (full 0):
 garbage-first heap   total 270336K, used 159032K [0x0000000080000000, 0x0000000100000000)
  region size 1024K, 5 young (5120K), 5 survivors (5120K)
 Metaspace       used 97403K, capacity 99648K, committed 100428K, reserved 1136640K
  class space    used 12516K, capacity 13349K, committed 13644K, reserved 1048576K
}
Event: 15.053 GC heap before
{Heap before GC invocations=34 (full 0):
 garbage-first heap   total 270336K, used 204088K [0x0000000080000000, 0x0000000100000000)
  region size 1024K, 49 young (50176K), 5 survivors (5120K)
 Metaspace       used 97495K, capacity 99683K, committed 100428K, reserved 1136640K
  class space    used 12512K, capacity 13331K, committed 13644K, reserved 1048576K
}
Event: 15.072 GC heap after
{Heap after GC invocations=35 (full 0):
 garbage-first heap   total 270336K, used 167936K [0x0000000080000000, 0x0000000100000000)
  region size 1024K, 7 young (7168K), 7 survivors (7168K)
 Metaspace       used 97495K, capacity 99683K, committed 100428K, reserved 1136640K
  class space    used 12512K, capacity 13331K, committed 13644K, reserved 1048576K
}
Event: 15.187 GC heap before
{Heap before GC invocations=36 (full 0):
 garbage-first heap   total 270336K, used 210944K [0x0000000080000000, 0x0000000100000000)
  region size 1024K, 49 young (50176K), 7 survivors (7168K)
 Metaspace       used 97496K, capacity 99683K, committed 100428K, reserved 1136640K
  class space    used 12512K, capacity 13331K, committed 13644K, reserved 1048576K
}
Event: 15.205 GC heap after
{Heap after GC invocations=37 (full 0):
 garbage-first heap   total 270336K, used 176068K [0x0000000080000000, 0x0000000100000000)
  region size 1024K, 7 young (7168K), 7 survivors (7168K)
 Metaspace       used 97496K, capacity 99683K, committed 100428K, reserved 1136640K
  class space    used 12512K, capacity 13331K, committed 13644K, reserved 1048576K
}
Event: 15.222 GC heap before
{Heap before GC invocations=37 (full 0):
 garbage-first heap   total 270336K, used 181188K [0x0000000080000000, 0x0000000100000000)
  region size 1024K, 13 young (13312K), 7 survivors (7168K)
 Metaspace       used 97625K, capacity 99843K, committed 100684K, reserved 1136640K
  class space    used 12531K, capacity 13363K, committed 13644K, reserved 1048576K
}
Event: 15.234 GC heap after
{Heap after GC invocations=38 (full 0):
 garbage-first heap   total 270336K, used 177336K [0x0000000080000000, 0x0000000100000000)
  region size 1024K, 2 young (2048K), 2 survivors (2048K)
 Metaspace       used 97625K, capacity 99843K, committed 100684K, reserved 1136640K
  class space    used 12531K, capacity 13363K, committed 13644K, reserved 1048576K
}
Event: 15.313 GC heap before
{Heap before GC invocations=38 (full 0):
 garbage-first heap   total 270336K, used 215224K [0x0000000080000000, 0x0000000100000000)
  region size 1024K, 41 young (41984K), 2 survivors (2048K)
 Metaspace       used 98103K, capacity 100361K, committed 101324K, reserved 1136640K
  class space    used 12596K, capacity 13427K, committed 13772K, reserved 1048576K
}

